<?xml version="1.0" encoding="UTF-8"?>
<!-- Generated by org.testng.reporters.JUnitReportReporter -->
<testsuite hostname="MSI" failures="0" tests="2" name="com.nopcommerce.user.Level_15_ExtentV5_Screenshot" time="7.223" errors="0" timestamp="11 thg 11 2022 14:04:53 GMT" skipped="0">
  <testcase classname="com.nopcommerce.user.Level_15_ExtentV5_Screenshot" name="User_02_Login" time="2.731"/>
  <testcase classname="com.nopcommerce.user.Level_15_ExtentV5_Screenshot" name="User_01_Register" time="4.492"/>
</testsuite> <!-- com.nopcommerce.user.Level_15_ExtentV5_Screenshot -->
